<?xml version="1.0" encoding="UTF-8"?>
<testng-results ignored="0" total="1" passed="1" failed="0" skipped="0">
  <reporter-output>
  </reporter-output>
  <suite started-at="2025-03-01T00:35:29 IST" name="Default suite" finished-at="2025-03-01T00:35:30 IST" duration-ms="1254">
    <groups>
    </groups>
    <test started-at="2025-03-01T00:35:29 IST" name="Default test" finished-at="2025-03-01T00:35:30 IST" duration-ms="1254">
      <class name="s4.ParsingJSONResponseData">
        <test-method signature="testJsonResponseBodyData()[pri:2, instance:s4.ParsingJSONResponseData@1623b78d]" started-at="2025-03-01T00:35:29 IST" name="testJsonResponseBodyData" finished-at="2025-03-01T00:35:30 IST" duration-ms="1216" status="PASS">
          <reporter-output>
          </reporter-output>
        </test-method> <!-- testJsonResponseBodyData -->
      </class> <!-- s4.ParsingJSONResponseData -->
    </test> <!-- Default test -->
  </suite> <!-- Default suite -->
</testng-results>
